<?xml version="1.0" encoding="UTF-8"?>
<testng-results ignored="0" total="1" passed="1" failed="0" skipped="0">
  <reporter-output>
  </reporter-output>
  <suite started-at="2023-12-22T00:13:08 IST" name="Default suite" finished-at="2023-12-22T00:13:08 IST" duration-ms="67">
    <groups>
    </groups>
    <test started-at="2023-12-22T00:13:08 IST" name="Default test" finished-at="2023-12-22T00:13:08 IST" duration-ms="67">
      <class name="TestData.Script2">
        <test-method signature="m2()[pri:0, instance:TestData.Script2@140c9f39]" started-at="2023-12-22T00:13:08 IST" name="m2" finished-at="2023-12-22T00:13:08 IST" duration-ms="11" status="PASS">
          <reporter-output>
          </reporter-output>
        </test-method> <!-- m2 -->
      </class> <!-- TestData.Script2 -->
    </test> <!-- Default test -->
  </suite> <!-- Default suite -->
</testng-results>
